<?xml version="1.0" encoding="ISO-8859-1"?>
<job_chain
    xmlns:xsi="http://www.w3.org/2001/XMLSchema-instance"
    xsi:noNamespaceSchemaLocation="https://github.com/sos-berlin/scheduler-engine-doc/raw/release/1.12/enginedoc-common/src/main/resources/com/sos/scheduler/enginedoc/common/scheduler.xsd"
>
    <job_chain_node state="100" job="test"/>
    <job_chain_node.end state="END"/>
</job_chain>
