<?xml version="1.0" encoding="UTF-8"?>
<monitor xmlns:xsi="http://www.w3.org/2001/XMLSchema-instance" xsi:noNamespaceSchemaLocation="https://www.sos-berlin.com/repository/scheduler/1.9/scheduler.xsd">
  <script language="java:javascript">
      function spooler_task_before() { return true; }
  </script>
</monitor>
